expr
term
factor
expr
term
factor
term_tail
expr_tail
term
factor
expr
term
factor
term_tail
expr_tail
term_tail
expr_tail
term
factor
expr
term
factor
expr
term
factor
term_tail
expr_tail
term_tail
expr_tail
term
factor
expr
term
factor
term_tail
expr_tail
term_tail
expr_tail
term_tail
expr_tail
term_tail
expr_tail
term
factor
expr
term
factor
expr
term
factor
expr
term
factor
term_tail
expr_tail
term_tail
expr_tail
term
factor
expr
term
factor
term_tail
expr_tail
term_tail
expr_tail
term_tail
expr_tail
term
factor
expr
term
factor
expr
term
factor
term_tail
expr_tail
term_tail
expr_tail
term
factor
expr
term
factor
term_tail
expr_tail
term_tail
expr_tail
term_tail
expr_tail
term_tail
expr_tail
